Determining if the pthread_create exist failed with the following output:
Change Dir: /home/mber/MBER/mber_console/build/CMakeFiles/CMakeTmp

Run Build Command:/usr/bin/make "cmTryCompileExec599665336/fast"
/usr/bin/make -f CMakeFiles/cmTryCompileExec599665336.dir/build.make CMakeFiles/cmTryCompileExec599665336.dir/build
make[1]: Entering directory `/home/mber/MBER/mber_console/build/CMakeFiles/CMakeTmp'
/usr/bin/cmake -E cmake_progress_report /home/mber/MBER/mber_console/build/CMakeFiles/CMakeTmp/CMakeFiles 1
Building C object CMakeFiles/cmTryCompileExec599665336.dir/CheckSymbolExists.c.o
/usr/bin/cc    -o CMakeFiles/cmTryCompileExec599665336.dir/CheckSymbolExists.c.o   -c /home/mber/MBER/mber_console/build/CMakeFiles/CMakeTmp/CheckSymbolExists.c
Linking C executable cmTryCompileExec599665336
/usr/bin/cmake -E cmake_link_script CMakeFiles/cmTryCompileExec599665336.dir/link.txt --verbose=1
/usr/bin/cc       CMakeFiles/cmTryCompileExec599665336.dir/CheckSymbolExists.c.o  -o cmTryCompileExec599665336 -rdynamic 
CMakeFiles/cmTryCompileExec599665336.dir/CheckSymbolExists.c.o: In function `main':
CheckSymbolExists.c:(.text+0x16): undefined reference to `pthread_create'
collect2: error: ld returned 1 exit status
make[1]: *** [cmTryCompileExec599665336] Error 1
make[1]: Leaving directory `/home/mber/MBER/mber_console/build/CMakeFiles/CMakeTmp'
make: *** [cmTryCompileExec599665336/fast] Error 2

File /home/mber/MBER/mber_console/build/CMakeFiles/CMakeTmp/CheckSymbolExists.c:
/* */
#include <pthread.h>

int main(int argc, char** argv)
{
  (void)argv;
#ifndef pthread_create
  return ((int*)(&pthread_create))[argc];
#else
  (void)argc;
  return 0;
#endif
}

Determining if the function pthread_create exists in the pthreads failed with the following output:
Change Dir: /home/mber/MBER/mber_console/build/CMakeFiles/CMakeTmp

Run Build Command:/usr/bin/make "cmTryCompileExec719492627/fast"
/usr/bin/make -f CMakeFiles/cmTryCompileExec719492627.dir/build.make CMakeFiles/cmTryCompileExec719492627.dir/build
make[1]: Entering directory `/home/mber/MBER/mber_console/build/CMakeFiles/CMakeTmp'
/usr/bin/cmake -E cmake_progress_report /home/mber/MBER/mber_console/build/CMakeFiles/CMakeTmp/CMakeFiles 1
Building C object CMakeFiles/cmTryCompileExec719492627.dir/CheckFunctionExists.c.o
/usr/bin/cc   -DCHECK_FUNCTION_EXISTS=pthread_create   -o CMakeFiles/cmTryCompileExec719492627.dir/CheckFunctionExists.c.o   -c /usr/share/cmake-2.8/Modules/CheckFunctionExists.c
Linking C executable cmTryCompileExec719492627
/usr/bin/cmake -E cmake_link_script CMakeFiles/cmTryCompileExec719492627.dir/link.txt --verbose=1
/usr/bin/cc   -DCHECK_FUNCTION_EXISTS=pthread_create    CMakeFiles/cmTryCompileExec719492627.dir/CheckFunctionExists.c.o  -o cmTryCompileExec719492627 -rdynamic -lpthreads 
/usr/bin/ld: cannot find -lpthreads
collect2: error: ld returned 1 exit status
make[1]: *** [cmTryCompileExec719492627] Error 1
make[1]: Leaving directory `/home/mber/MBER/mber_console/build/CMakeFiles/CMakeTmp'
make: *** [cmTryCompileExec719492627/fast] Error 2


